2023-11-13 19:37:42,386 file.manager INFO 2.0.1
2023-11-13 19:37:42,386 file.manager INFO Copyright (C) 2003-2022, Noriaki Ando and OpenRTM development team,
2023-11-13 19:37:42,386 file.manager INFO   Intelligent Systems Research Institute, AIST,
2023-11-13 19:37:42,387 file.manager INFO Copyright (C) 2022, Noriaki Ando and OpenRTM development team,
2023-11-13 19:37:42,387 file.manager INFO   Industrial Cyber-Physical Research Center, AIST,
2023-11-13 19:37:42,387 file.manager INFO   All right reserved.
2023-11-13 19:37:42,387 file.manager INFO Manager starting.
2023-11-13 19:37:42,387 file.manager INFO Starting local logging.
2023-11-13 19:37:42,388 file.manager.namingmanager INFO NameServer connection succeeded: corba/localhost:2809
2023-11-13 19:37:42,391 file.LocalServiceAdmin INFO All the local services are enabled.
2023-11-13 19:37:42,526 file.manager INFO Component instance conf file: conf/speak0.conf loaded.
2023-11-13 19:37:42,529 file.ec_base INFO setRate(1000000.000000) done
2023-11-13 19:37:42,529 file.ec_base INFO setRate(1000.000000) done
2023-11-13 19:37:42,530 file.rtobject INFO 1 execution context was created.
2023-11-13 19:37:42,532 file.rtobject INFO Initial active configuration set is default.
2023-11-13 19:37:42,540 file.manager INFO Component instance conf file: conf/data_out0.conf loaded.
2023-11-13 19:37:42,541 file.ec_base INFO setRate(1000000.000000) done
2023-11-13 19:37:42,541 file.ec_base INFO setRate(1000.000000) done
2023-11-13 19:37:42,542 file.rtobject INFO 1 execution context was created.
2023-11-13 19:37:42,543 file.rtobject INFO Initial active configuration set is default.
2023-11-13 19:38:39,579 file.manager INFO 2.0.1
2023-11-13 19:38:39,579 file.manager INFO Copyright (C) 2003-2022, Noriaki Ando and OpenRTM development team,
2023-11-13 19:38:39,579 file.manager INFO   Intelligent Systems Research Institute, AIST,
2023-11-13 19:38:39,579 file.manager INFO Copyright (C) 2022, Noriaki Ando and OpenRTM development team,
2023-11-13 19:38:39,579 file.manager INFO   Industrial Cyber-Physical Research Center, AIST,
2023-11-13 19:38:39,579 file.manager INFO   All right reserved.
2023-11-13 19:38:39,579 file.manager INFO Manager starting.
2023-11-13 19:38:39,579 file.manager INFO Starting local logging.
2023-11-13 19:38:39,581 file.manager.namingmanager INFO NameServer connection succeeded: corba/localhost:2809
2023-11-13 19:38:39,584 file.LocalServiceAdmin INFO All the local services are enabled.
2023-11-13 19:38:39,715 file.manager INFO Component instance conf file: conf/speak0.conf loaded.
2023-11-13 19:38:39,717 file.ec_base INFO setRate(1000000.000000) done
2023-11-13 19:38:39,717 file.ec_base INFO setRate(1000.000000) done
2023-11-13 19:38:39,717 file.rtobject INFO 1 execution context was created.
2023-11-13 19:38:39,718 file.rtobject INFO Initial active configuration set is default.
2023-11-13 19:38:39,722 file.manager INFO Component instance conf file: conf/data_out0.conf loaded.
2023-11-13 19:38:39,723 file.ec_base INFO setRate(1000000.000000) done
2023-11-13 19:38:39,724 file.ec_base INFO setRate(1000.000000) done
2023-11-13 19:38:39,724 file.rtobject INFO 1 execution context was created.
2023-11-13 19:38:39,725 file.rtobject INFO Initial active configuration set is default.
2023-11-13 19:38:44,919 file.ec_base WARNING The component is not responding.
2023-11-13 19:38:44,919 file.ec_base ERROR Unknown error: Invalid state transition.
2023-11-13 19:38:47,422 file.ec_base ERROR The component is not responding.
2023-11-13 19:38:47,422 file.ec_base ERROR Unknown error: Invalid state transition.
2023-11-13 19:38:48,078 file.ec_base ERROR The component is not responding.
2023-11-13 19:38:48,078 file.ec_base ERROR Unknown error: Invalid state transition.
